E, [2017-04-11T01:02:13.910835 #25669] ERROR -- Kitchen: ------Exception-------
E, [2017-04-11T01:02:13.910908 #25669] ERROR -- Kitchen: Class: Kitchen::UserError
E, [2017-04-11T01:02:13.910933 #25669] ERROR -- Kitchen: Message: Kitchen YAML file /home/boris/Code/chef/cookbooks/devops/.kitchen.yml does not exist.
E, [2017-04-11T01:02:13.910953 #25669] ERROR -- Kitchen: ----------------------
E, [2017-04-11T01:02:13.910970 #25669] ERROR -- Kitchen: ------Backtrace-------
E, [2017-04-11T01:02:13.910987 #25669] ERROR -- Kitchen: /opt/chefdk/embedded/lib/ruby/gems/2.3.0/gems/test-kitchen-1.15.0/lib/kitchen/loader/yaml.rb:71:in `read'
E, [2017-04-11T01:02:13.911004 #25669] ERROR -- Kitchen: /opt/chefdk/embedded/lib/ruby/gems/2.3.0/gems/test-kitchen-1.15.0/lib/kitchen/config.rb:152:in `data'
E, [2017-04-11T01:02:13.911022 #25669] ERROR -- Kitchen: /opt/chefdk/embedded/lib/ruby/gems/2.3.0/gems/test-kitchen-1.15.0/lib/kitchen/config.rb:131:in `suites'
E, [2017-04-11T01:02:13.911039 #25669] ERROR -- Kitchen: /opt/chefdk/embedded/lib/ruby/gems/2.3.0/gems/test-kitchen-1.15.0/lib/kitchen/config.rb:182:in `filter_instances'
E, [2017-04-11T01:02:13.911056 #25669] ERROR -- Kitchen: /opt/chefdk/embedded/lib/ruby/gems/2.3.0/gems/test-kitchen-1.15.0/lib/kitchen/config.rb:141:in `build_instances'
E, [2017-04-11T01:02:13.911073 #25669] ERROR -- Kitchen: /opt/chefdk/embedded/lib/ruby/gems/2.3.0/gems/test-kitchen-1.15.0/lib/kitchen/config.rb:117:in `instances'
E, [2017-04-11T01:02:13.911089 #25669] ERROR -- Kitchen: /opt/chefdk/embedded/lib/ruby/gems/2.3.0/gems/test-kitchen-1.15.0/lib/kitchen/command.rb:112:in `filtered_instances'
E, [2017-04-11T01:02:13.911107 #25669] ERROR -- Kitchen: /opt/chefdk/embedded/lib/ruby/gems/2.3.0/gems/test-kitchen-1.15.0/lib/kitchen/command.rb:142:in `parse_subcommand'
E, [2017-04-11T01:02:13.911124 #25669] ERROR -- Kitchen: /opt/chefdk/embedded/lib/ruby/gems/2.3.0/gems/test-kitchen-1.15.0/lib/kitchen/command/list.rb:30:in `call'
E, [2017-04-11T01:02:13.911144 #25669] ERROR -- Kitchen: /opt/chefdk/embedded/lib/ruby/gems/2.3.0/gems/test-kitchen-1.15.0/lib/kitchen/cli.rb:53:in `perform'
E, [2017-04-11T01:02:13.911168 #25669] ERROR -- Kitchen: /opt/chefdk/embedded/lib/ruby/gems/2.3.0/gems/test-kitchen-1.15.0/lib/kitchen/cli.rb:121:in `list'
E, [2017-04-11T01:02:13.911194 #25669] ERROR -- Kitchen: /opt/chefdk/embedded/lib/ruby/gems/2.3.0/gems/thor-0.19.1/lib/thor/command.rb:27:in `run'
E, [2017-04-11T01:02:13.911214 #25669] ERROR -- Kitchen: /opt/chefdk/embedded/lib/ruby/gems/2.3.0/gems/thor-0.19.1/lib/thor/invocation.rb:126:in `invoke_command'
E, [2017-04-11T01:02:13.911231 #25669] ERROR -- Kitchen: /opt/chefdk/embedded/lib/ruby/gems/2.3.0/gems/test-kitchen-1.15.0/lib/kitchen/cli.rb:334:in `invoke_task'
E, [2017-04-11T01:02:13.911263 #25669] ERROR -- Kitchen: /opt/chefdk/embedded/lib/ruby/gems/2.3.0/gems/thor-0.19.1/lib/thor.rb:359:in `dispatch'
E, [2017-04-11T01:02:13.911289 #25669] ERROR -- Kitchen: /opt/chefdk/embedded/lib/ruby/gems/2.3.0/gems/thor-0.19.1/lib/thor/base.rb:440:in `start'
E, [2017-04-11T01:02:13.911309 #25669] ERROR -- Kitchen: /opt/chefdk/embedded/lib/ruby/gems/2.3.0/gems/test-kitchen-1.15.0/bin/kitchen:13:in `block in <top (required)>'
E, [2017-04-11T01:02:13.911326 #25669] ERROR -- Kitchen: /opt/chefdk/embedded/lib/ruby/gems/2.3.0/gems/test-kitchen-1.15.0/lib/kitchen/errors.rb:171:in `with_friendly_errors'
E, [2017-04-11T01:02:13.911355 #25669] ERROR -- Kitchen: /opt/chefdk/embedded/lib/ruby/gems/2.3.0/gems/test-kitchen-1.15.0/bin/kitchen:13:in `<top (required)>'
E, [2017-04-11T01:02:13.911372 #25669] ERROR -- Kitchen: /usr/bin/kitchen:21:in `load'
E, [2017-04-11T01:02:13.911388 #25669] ERROR -- Kitchen: /usr/bin/kitchen:21:in `<main>'
E, [2017-04-11T01:02:13.911404 #25669] ERROR -- Kitchen: ----End Backtrace-----
